<?xml version="1.0" encoding="UTF-8"?>
<!-- Generated by org.testng.reporters.JUnitReportReporter -->
<testsuite hostname="DESKTOP-S7VEEUD" failures="0" tests="5" name="test_pack.Ep2Validator" time="2.107" errors="0" timestamp="2023-10-18T16:26:12 EDT" skipped="0">
  <testcase classname="test_pack.Ep2Validator" name="validateEp" time="0.093"/>
  <testcase classname="test_pack.Ep2Validator" name="validateEp" time="1.679"/>
  <testcase classname="test_pack.Ep2Validator" name="validateEp" time="0.110"/>
  <testcase classname="test_pack.Ep2Validator" name="validateEp" time="0.115"/>
  <testcase classname="test_pack.Ep2Validator" name="validateEp" time="0.110"/>
</testsuite> <!-- test_pack.Ep2Validator -->
