<?xml version="1.0" encoding="UTF-8"?>
<!-- Generated by org.testng.reporters.JUnitReportReporter -->
<testsuite hostname="DESKTOP-S7VEEUD" failures="0" tests="7" name="test_pack.Ep1Validator" time="2.527" errors="0" timestamp="2023-10-18T16:31:22 EDT" skipped="0">
  <testcase classname="test_pack.Ep1Validator" name="validateEp" time="0.098"/>
  <testcase classname="test_pack.Ep1Validator" name="validateEp" time="0.097"/>
  <testcase classname="test_pack.Ep1Validator" name="validateEp" time="0.123"/>
  <testcase classname="test_pack.Ep1Validator" name="validateEp" time="1.818"/>
  <testcase classname="test_pack.Ep1Validator" name="validateEp" time="0.108"/>
  <testcase classname="test_pack.Ep1Validator" name="validateEp" time="0.158"/>
  <testcase classname="test_pack.Ep1Validator" name="validateEp" time="0.125"/>
</testsuite> <!-- test_pack.Ep1Validator -->
