<?xml version="1.0" encoding="UTF-8"?>
<!-- Generated by org.testng.reporters.JUnitReportReporter -->
<testsuite hostname="DESKTOP-S7VEEUD" failures="0" tests="22" name="default_package.AbcTest" time="0.036" errors="0" timestamp="2023-10-18T12:35:34 EDT" skipped="0">
  <testcase classname="default_package.AbcTest" name="calcTest" time="0.007"/>
  <testcase classname="default_package.AbcTest" name="f2" time="0.001"/>
  <testcase classname="default_package.AbcTest" name="f2" time="0.001"/>
  <testcase classname="default_package.AbcTest" name="f1" time="0.002"/>
  <testcase classname="default_package.AbcTest" name="f2" time="0.002"/>
  <testcase classname="default_package.AbcTest" name="f2" time="0.002"/>
  <testcase classname="default_package.AbcTest" name="f1" time="0.003"/>
  <testcase classname="default_package.AbcTest" name="f1" time="0.002"/>
  <testcase classname="default_package.AbcTest" name="f1" time="0.001"/>
  <testcase classname="default_package.AbcTest" name="f2" time="0.002"/>
  <testcase classname="default_package.AbcTest" name="f1" time="0.000"/>
  <testcase classname="default_package.AbcTest" name="f1" time="0.000"/>
  <testcase classname="default_package.AbcTest" name="f1" time="0.001"/>
  <testcase classname="default_package.AbcTest" name="f1" time="0.002"/>
  <testcase classname="default_package.AbcTest" name="f2" time="0.001"/>
  <testcase classname="default_package.AbcTest" name="testTest" time="0.001"/>
  <testcase classname="default_package.AbcTest" name="f1" time="0.001"/>
  <testcase classname="default_package.AbcTest" name="f2" time="0.001"/>
  <testcase classname="default_package.AbcTest" name="f2" time="0.002"/>
  <testcase classname="default_package.AbcTest" name="f1" time="0.002"/>
  <testcase classname="default_package.AbcTest" name="f2" time="0.002"/>
  <testcase classname="default_package.AbcTest" name="f2" time="0.000"/>
</testsuite> <!-- default_package.AbcTest -->
