<?xml version="1.0" encoding="UTF-8"?>
<!-- Generated by org.testng.reporters.JUnitReportReporter -->
<testsuite hostname="DESKTOP-S7VEEUD" failures="0" tests="2" name="test_pack.EndPointValidator" time="0.005" errors="0" timestamp="2023-10-18T12:52:21 EDT" skipped="0">
  <testcase classname="test_pack.EndPointValidator" name="validateEp1" time="0.004"/>
  <testcase classname="test_pack.EndPointValidator" name="validateEp1" time="0.001"/>
</testsuite> <!-- test_pack.EndPointValidator -->
