<?xml version="1.0" encoding="UTF-8"?>
<!-- Generated by org.testng.reporters.JUnitReportReporter -->
<testsuite hostname="DESKTOP-S7VEEUD" failures="0" tests="5" name="test_pack.Ep2Validator" time="2.173" errors="0" timestamp="2023-10-18T15:38:23 EDT" skipped="0">
  <testcase classname="test_pack.Ep2Validator" name="validateEp" time="0.141"/>
  <testcase classname="test_pack.Ep2Validator" name="validateEp" time="0.104"/>
  <testcase classname="test_pack.Ep2Validator" name="validateEp" time="0.102"/>
  <testcase classname="test_pack.Ep2Validator" name="validateEp" time="0.121"/>
  <testcase classname="test_pack.Ep2Validator" name="validateEp" time="1.705"/>
</testsuite> <!-- test_pack.Ep2Validator -->
