<?xml version="1.0" encoding="UTF-8"?>
<!-- Generated by org.testng.reporters.JUnitReportReporter -->
<testsuite hostname="DESKTOP-S7VEEUD" failures="0" tests="5" name="test_pack.Ep2Validator" time="2.576" errors="0" timestamp="2023-10-18T15:15:20 EDT" skipped="0">
  <testcase classname="test_pack.Ep2Validator" name="validateEp" time="0.165"/>
  <testcase classname="test_pack.Ep2Validator" name="validateEp" time="0.129"/>
  <testcase classname="test_pack.Ep2Validator" name="validateEp" time="2.078"/>
  <testcase classname="test_pack.Ep2Validator" name="validateEp" time="0.106"/>
  <testcase classname="test_pack.Ep2Validator" name="validateEp" time="0.098"/>
</testsuite> <!-- test_pack.Ep2Validator -->
