<?xml version="1.0" encoding="UTF-8"?>
<!-- Generated by org.testng.reporters.JUnitReportReporter -->
<testsuite hostname="DESKTOP-S7VEEUD" failures="0" tests="7" name="test_pack.Ep1Validator" time="2.556" errors="0" timestamp="2023-10-18T15:12:09 EDT" skipped="0">
  <testcase classname="test_pack.Ep1Validator" name="validateEp" time="0.127"/>
  <testcase classname="test_pack.Ep1Validator" name="validateEp" time="0.113"/>
  <testcase classname="test_pack.Ep1Validator" name="validateEp" time="1.816"/>
  <testcase classname="test_pack.Ep1Validator" name="validateEp" time="0.132"/>
  <testcase classname="test_pack.Ep1Validator" name="validateEp" time="0.115"/>
  <testcase classname="test_pack.Ep1Validator" name="validateEp" time="0.137"/>
  <testcase classname="test_pack.Ep1Validator" name="validateEp" time="0.116"/>
</testsuite> <!-- test_pack.Ep1Validator -->
