<?xml version="1.0" encoding="UTF-8"?>
<!-- Generated by org.testng.reporters.JUnitReportReporter -->
<testsuite hostname="DESKTOP-03PVBNP" failures="0" tests="1" name="test_pack.NewTest" time="2.051" errors="0" timestamp="2023-10-12T11:20:17 EDT" skipped="0">
  <testcase classname="test_pack.NewTest" name="getResponseBody" time="2.051"/>
</testsuite> <!-- test_pack.NewTest -->
