<?xml version="1.0" encoding="UTF-8"?>
<!-- Generated by org.testng.reporters.JUnitReportReporter -->
<testsuite hostname="DESKTOP-03PVBNP" failures="0" tests="22" name="default_package.AbcTest" time="0.046" errors="0" timestamp="2023-10-12T15:57:32 EDT" skipped="0">
  <testcase classname="default_package.AbcTest" name="calcTest" time="0.008"/>
  <testcase classname="default_package.AbcTest" name="f2" time="0.002"/>
  <testcase classname="default_package.AbcTest" name="f2" time="0.000"/>
  <testcase classname="default_package.AbcTest" name="f1" time="0.003"/>
  <testcase classname="default_package.AbcTest" name="f2" time="0.001"/>
  <testcase classname="default_package.AbcTest" name="f2" time="0.002"/>
  <testcase classname="default_package.AbcTest" name="f1" time="0.001"/>
  <testcase classname="default_package.AbcTest" name="f1" time="0.002"/>
  <testcase classname="default_package.AbcTest" name="f1" time="0.003"/>
  <testcase classname="default_package.AbcTest" name="f2" time="0.002"/>
  <testcase classname="default_package.AbcTest" name="f1" time="0.001"/>
  <testcase classname="default_package.AbcTest" name="f1" time="0.002"/>
  <testcase classname="default_package.AbcTest" name="f1" time="0.002"/>
  <testcase classname="default_package.AbcTest" name="f1" time="0.002"/>
  <testcase classname="default_package.AbcTest" name="f2" time="0.001"/>
  <testcase classname="default_package.AbcTest" name="testTest" time="0.002"/>
  <testcase classname="default_package.AbcTest" name="f1" time="0.002"/>
  <testcase classname="default_package.AbcTest" name="f2" time="0.002"/>
  <testcase classname="default_package.AbcTest" name="f2" time="0.001"/>
  <testcase classname="default_package.AbcTest" name="f1" time="0.003"/>
  <testcase classname="default_package.AbcTest" name="f2" time="0.002"/>
  <testcase classname="default_package.AbcTest" name="f2" time="0.002"/>
</testsuite> <!-- default_package.AbcTest -->
